Base path: C:/Program Files/Unity2017/Editor/Data
Cmd: initializeCompiler
Cmd: preprocess
  insize=8772 outsize=1869 ok=1
Cmd: preprocess
  insize=11393 outsize=689 ok=1
Cmd: preprocess
  insize=1222 outsize=456 ok=1
Cmd: preprocess
  insize=9982 outsize=763 ok=1
Cmd: preprocess
  insize=1782 outsize=406 ok=1
Cmd: preprocess
  insize=983 outsize=404 ok=1
Cmd: preprocess
  insize=1070 outsize=363 ok=1
Cmd: preprocess
  insize=1369 outsize=461 ok=1
Cmd: preprocess
  insize=3765 outsize=663 ok=1
Cmd: preprocess
  insize=1308 outsize=457 ok=1
Cmd: preprocess
  insize=6873 outsize=753 ok=1
Cmd: preprocess
  insize=1242 outsize=362 ok=1
Cmd: preprocess
  insize=2611 outsize=748 ok=1
Cmd: preprocess
  insize=1025 outsize=349 ok=1
Cmd: preprocess
  insize=1431 outsize=316 ok=1
Cmd: preprocess
  insize=1315 outsize=321 ok=1
Cmd: preprocess
  insize=1491 outsize=402 ok=1
Cmd: preprocess
  insize=1347 outsize=376 ok=1
Cmd: preprocess
  insize=2413 outsize=702 ok=1
Cmd: preprocess
  insize=1039 outsize=323 ok=1
Cmd: preprocess
  insize=674 outsize=287 ok=1
Cmd: preprocess
  insize=6503 outsize=929 ok=1
Cmd: preprocess
  insize=33485 outsize=324 ok=1
Cmd: preprocess
  insize=1304 outsize=315 ok=1
Cmd: preprocess
  insize=4564 outsize=525 ok=1
Cmd: preprocess
  insize=1135 outsize=322 ok=1
Cmd: preprocess
  insize=5074 outsize=1592 ok=1
Cmd: preprocess
  insize=13388 outsize=1779 ok=1
Cmd: preprocess
  insize=1106 outsize=407 ok=1
Cmd: preprocess
  insize=6345 outsize=700 ok=1
Cmd: preprocess
  insize=2895 outsize=728 ok=1
Cmd: preprocess
  insize=11260 outsize=2527 ok=1
Cmd: preprocess
  insize=12991 outsize=2142 ok=1
Cmd: preprocess
  insize=2091 outsize=486 ok=1
Cmd: preprocess
  insize=1684 outsize=348 ok=1
Cmd: preprocess
  insize=24985 outsize=3684 ok=1
Cmd: preprocess
  insize=4179 outsize=553 ok=1
Cmd: preprocess
  insize=1845 outsize=353 ok=1
Cmd: preprocess
  insize=1111 outsize=409 ok=1
Cmd: preprocess
  insize=1241 outsize=455 ok=1
Cmd: preprocess
  insize=711 outsize=234 ok=1
Cmd: preprocess
  insize=5890 outsize=820 ok=1
Cmd: preprocess
  insize=5455 outsize=703 ok=1
Cmd: preprocess
  insize=6808 outsize=814 ok=1
Cmd: preprocess
  insize=33494 outsize=324 ok=1
Cmd: preprocess
  insize=5432 outsize=1822 ok=1
Cmd: preprocess
  insize=7009 outsize=305 ok=1
Cmd: preprocess
  insize=4499 outsize=466 ok=1
Cmd: preprocess
  insize=4914 outsize=858 ok=1
Cmd: preprocess
  insize=6059 outsize=1243 ok=1
Cmd: preprocess
  insize=855 outsize=359 ok=1
Cmd: preprocess
  insize=692 outsize=285 ok=1
Cmd: preprocess
  insize=3933 outsize=622 ok=1
Cmd: preprocess
  insize=936 outsize=348 ok=1
Cmd: preprocess
  insize=1416 outsize=345 ok=1
Cmd: preprocess
  insize=2219 outsize=1023 ok=1
Cmd: preprocess
  insize=5401 outsize=731 ok=1
Cmd: preprocess
  insize=1295 outsize=440 ok=1
Cmd: preprocess
  insize=638 outsize=313 ok=1
Cmd: preprocess
  insize=783 outsize=366 ok=1
Cmd: preprocess
  insize=5321 outsize=847 ok=1
Cmd: compileSnippet
  api=4 type=0 insize=13897 outsize=1886 kw=DIRECTIONAL pd=UNITY_ENABLE_REFLECTION_BUFFERS UNITY_USE_DITHER_MASK_FOR_ALPHABLENDED_SHADOWS UNITY_PBS_USE_BRDF1 UNITY_SPECCUBE_BOX_PROJECTION UNITY_SPECCUBE_BLENDING UNITY_ENABLE_DETAIL_NORMALMAP SHADER_API_DESKTOP UNITY_COLORSPACE_GAMMA UNITY_LIGHT_PROBE_PROXY_VOLUME ok=1
Cmd: compileSnippet
  api=4 type=1 insize=13897 outsize=1286 kw=DIRECTIONAL pd=UNITY_ENABLE_REFLECTION_BUFFERS UNITY_USE_DITHER_MASK_FOR_ALPHABLENDED_SHADOWS UNITY_PBS_USE_BRDF1 UNITY_SPECCUBE_BOX_PROJECTION UNITY_SPECCUBE_BLENDING UNITY_ENABLE_DETAIL_NORMALMAP SHADER_API_DESKTOP UNITY_COLORSPACE_GAMMA UNITY_LIGHT_PROBE_PROXY_VOLUME ok=1
Cmd: compileSnippet
  api=4 type=0 insize=4033 outsize=1218 kw=DIRECTIONAL pd=UNITY_ENABLE_REFLECTION_BUFFERS UNITY_USE_DITHER_MASK_FOR_ALPHABLENDED_SHADOWS UNITY_PBS_USE_BRDF1 UNITY_SPECCUBE_BOX_PROJECTION UNITY_SPECCUBE_BLENDING UNITY_ENABLE_DETAIL_NORMALMAP SHADER_API_DESKTOP UNITY_COLORSPACE_GAMMA UNITY_LIGHT_PROBE_PROXY_VOLUME ok=1
Cmd: compileSnippet
  api=4 type=1 insize=4033 outsize=1214 kw=DIRECTIONAL pd=UNITY_ENABLE_REFLECTION_BUFFERS UNITY_USE_DITHER_MASK_FOR_ALPHABLENDED_SHADOWS UNITY_PBS_USE_BRDF1 UNITY_SPECCUBE_BOX_PROJECTION UNITY_SPECCUBE_BLENDING UNITY_ENABLE_DETAIL_NORMALMAP SHADER_API_DESKTOP UNITY_COLORSPACE_GAMMA UNITY_LIGHT_PROBE_PROXY_VOLUME ok=1
Cmd: compileSnippet
  api=4 type=0 insize=13607 outsize=1818 kw=DIRECTIONAL pd=UNITY_ENABLE_REFLECTION_BUFFERS UNITY_USE_DITHER_MASK_FOR_ALPHABLENDED_SHADOWS UNITY_PBS_USE_BRDF1 UNITY_SPECCUBE_BOX_PROJECTION UNITY_SPECCUBE_BLENDING UNITY_ENABLE_DETAIL_NORMALMAP SHADER_API_DESKTOP UNITY_COLORSPACE_GAMMA UNITY_LIGHT_PROBE_PROXY_VOLUME ok=1
Cmd: compileSnippet
  api=4 type=1 insize=13607 outsize=1262 kw=DIRECTIONAL pd=UNITY_ENABLE_REFLECTION_BUFFERS UNITY_USE_DITHER_MASK_FOR_ALPHABLENDED_SHADOWS UNITY_PBS_USE_BRDF1 UNITY_SPECCUBE_BOX_PROJECTION UNITY_SPECCUBE_BLENDING UNITY_ENABLE_DETAIL_NORMALMAP SHADER_API_DESKTOP UNITY_COLORSPACE_GAMMA UNITY_LIGHT_PROBE_PROXY_VOLUME ok=1
Cmd: compileSnippet
  api=4 type=0 insize=3902 outsize=1150 kw=DIRECTIONAL pd=UNITY_ENABLE_REFLECTION_BUFFERS UNITY_USE_DITHER_MASK_FOR_ALPHABLENDED_SHADOWS UNITY_PBS_USE_BRDF1 UNITY_SPECCUBE_BOX_PROJECTION UNITY_SPECCUBE_BLENDING UNITY_ENABLE_DETAIL_NORMALMAP SHADER_API_DESKTOP UNITY_COLORSPACE_GAMMA UNITY_LIGHT_PROBE_PROXY_VOLUME ok=1
Cmd: compileSnippet
  api=4 type=1 insize=3902 outsize=1190 kw=DIRECTIONAL pd=UNITY_ENABLE_REFLECTION_BUFFERS UNITY_USE_DITHER_MASK_FOR_ALPHABLENDED_SHADOWS UNITY_PBS_USE_BRDF1 UNITY_SPECCUBE_BOX_PROJECTION UNITY_SPECCUBE_BLENDING UNITY_ENABLE_DETAIL_NORMALMAP SHADER_API_DESKTOP UNITY_COLORSPACE_GAMMA UNITY_LIGHT_PROBE_PROXY_VOLUME ok=1
